<?xml version="1.0" encoding="UTF-8"?>
<testng-results ignored="0" total="1" passed="1" failed="0" skipped="0">
  <reporter-output>
    <line>
      <![CDATA[orange hrms login successfully into home page]]>
    </line>
    <line>
      <![CDATA[unable to login successfully into ornage hrms home page]]>
    </line>
    <line>
      <![CDATA[orange hrms login successfully into home page]]>
    </line>
  </reporter-output>
  <suite started-at="2022-06-09T16:33:48 IST" name="Command line suite" finished-at="2022-06-09T16:33:48 IST" duration-ms="35">
    <groups>
    </groups>
    <test started-at="2022-06-09T16:33:48 IST" name="Command line test" finished-at="2022-06-09T16:33:48 IST" duration-ms="35">
      <class name="maven.project.AppTest">
        <test-method signature="testApp()[pri:0, instance:testApp(maven.project.AppTest)]" started-at="2022-06-09T16:33:48 IST" name="testApp" finished-at="2022-06-09T16:33:48 IST" duration-ms="0" status="PASS">
          <reporter-output>
          </reporter-output>
        </test-method> <!-- testApp -->
      </class> <!-- maven.project.AppTest -->
    </test> <!-- Command line test -->
  </suite> <!-- Command line suite -->
</testng-results>
