<?xml version="1.0" encoding="UTF-8"?>
<!-- Generated by org.testng.reporters.JUnitXMLReporter -->
<testsuite ignored="0" hostname="LAPTOP-6O2QONVB" failures="0" tests="3" name="Default test" time="48.734" errors="0" timestamp="2020-11-09T20:51:02 IST">
  <testcase classname="maven.project.DataDriven_DataProviderTest" name="Orangehrmslogin" time="20.987"/>
  <testcase classname="maven.project.DataDriven_DataProviderTest" name="Orangehrmslogin" time="9.027"/>
  <testcase classname="maven.project.DataDriven_DataProviderTest" name="Orangehrmslogin" time="18.675"/>
</testsuite> <!-- Default test -->
