<?xml version="1.0" encoding="UTF-8"?>
<testng-results ignored="0" total="3" passed="3" failed="0" skipped="0">
  <reporter-output>
    <line>
      <![CDATA[orange hrms login successfully into home page]]>
    </line>
    <line>
      <![CDATA[unable to login successfully into ornage hrms home page]]>
    </line>
    <line>
      <![CDATA[orange hrms login successfully into home page]]>
    </line>
  </reporter-output>
  <suite started-at="2022-06-09T16:32:52 IST" name="Command line suite" finished-at="2022-06-09T16:33:48 IST" duration-ms="55712">
    <groups>
    </groups>
    <test started-at="2022-06-09T16:32:52 IST" name="Command line test" finished-at="2022-06-09T16:33:48 IST" duration-ms="55712">
      <class name="maven.project.DataDriven_DataProviderTest">
        <test-method signature="Orangehrmslogin(java.lang.String, java.lang.String)[pri:0, instance:maven.project.DataDriven_DataProviderTest@441772e]" started-at="2022-06-09T16:32:52 IST" name="Orangehrmslogin" data-provider="testdata" finished-at="2022-06-09T16:33:17 IST" duration-ms="25032" status="PASS">
          <params>
            <param index="0">
              <value>
                <![CDATA[Admin]]>
              </value>
            </param>
            <param index="1">
              <value>
                <![CDATA[admin123]]>
              </value>
            </param>
          </params>
          <reporter-output>
            <line>
              <![CDATA[orange hrms login successfully into home page]]>
            </line>
          </reporter-output>
        </test-method> <!-- Orangehrmslogin -->
        <test-method signature="Orangehrmslogin(java.lang.String, java.lang.String)[pri:0, instance:maven.project.DataDriven_DataProviderTest@441772e]" started-at="2022-06-09T16:33:17 IST" name="Orangehrmslogin" data-provider="testdata" finished-at="2022-06-09T16:33:30 IST" duration-ms="12035" status="PASS">
          <params>
            <param index="0">
              <value>
                <![CDATA[Admin123]]>
              </value>
            </param>
            <param index="1">
              <value>
                <![CDATA[admin123]]>
              </value>
            </param>
          </params>
          <reporter-output>
            <line>
              <![CDATA[unable to login successfully into ornage hrms home page]]>
            </line>
          </reporter-output>
        </test-method> <!-- Orangehrmslogin -->
        <test-method signature="Orangehrmslogin(java.lang.String, java.lang.String)[pri:0, instance:maven.project.DataDriven_DataProviderTest@441772e]" started-at="2022-06-09T16:33:30 IST" name="Orangehrmslogin" data-provider="testdata" finished-at="2022-06-09T16:33:48 IST" duration-ms="18579" status="PASS">
          <params>
            <param index="0">
              <value>
                <![CDATA[Admin]]>
              </value>
            </param>
            <param index="1">
              <value>
                <![CDATA[admin123]]>
              </value>
            </param>
          </params>
          <reporter-output>
            <line>
              <![CDATA[orange hrms login successfully into home page]]>
            </line>
          </reporter-output>
        </test-method> <!-- Orangehrmslogin -->
      </class> <!-- maven.project.DataDriven_DataProviderTest -->
    </test> <!-- Command line test -->
  </suite> <!-- Command line suite -->
</testng-results>
