<?xml version="1.0" encoding="UTF-8"?>
<!-- Generated by org.testng.reporters.JUnitXMLReporter -->
<testsuite ignored="0" hostname="LAPTOP-6O2QONVB" failures="0" tests="3" name="Command line test" time="55.712" errors="0" timestamp="2022-06-09T16:33:48 IST">
  <testcase classname="maven.project.DataDriven_DataProviderTest" name="Orangehrmslogin" time="25.032"/>
  <testcase classname="maven.project.DataDriven_DataProviderTest" name="Orangehrmslogin" time="12.035"/>
  <testcase classname="maven.project.DataDriven_DataProviderTest" name="Orangehrmslogin" time="18.579"/>
</testsuite> <!-- Command line test -->
