<?xml version="1.0" encoding="UTF-8"?>
<testng-results ignored="0" total="3" passed="3" failed="0" skipped="0">
  <reporter-output>
    <line>
      <![CDATA[orange hrms login successfully into home page]]>
    </line>
    <line>
      <![CDATA[unable to login successfully into ornage hrms home page]]>
    </line>
    <line>
      <![CDATA[orange hrms login successfully into home page]]>
    </line>
  </reporter-output>
  <suite started-at="2020-11-09T20:50:14 IST" name="Default suite" finished-at="2020-11-09T20:51:02 IST" duration-ms="48734">
    <groups>
    </groups>
    <test started-at="2020-11-09T20:50:14 IST" name="Default test" finished-at="2020-11-09T20:51:02 IST" duration-ms="48734">
      <class name="maven.project.DataDriven_DataProviderTest">
        <test-method signature="Orangehrmslogin(java.lang.String, java.lang.String)[pri:0, instance:maven.project.DataDriven_DataProviderTest@503d687a]" started-at="2020-11-09T20:50:14 IST" name="Orangehrmslogin" data-provider="testdata" finished-at="2020-11-09T20:50:35 IST" duration-ms="20987" status="PASS">
          <params>
            <param index="0">
              <value>
                <![CDATA[Admin]]>
              </value>
            </param>
            <param index="1">
              <value>
                <![CDATA[admin123]]>
              </value>
            </param>
          </params>
          <reporter-output>
            <line>
              <![CDATA[orange hrms login successfully into home page]]>
            </line>
          </reporter-output>
        </test-method> <!-- Orangehrmslogin -->
        <test-method signature="Orangehrmslogin(java.lang.String, java.lang.String)[pri:0, instance:maven.project.DataDriven_DataProviderTest@503d687a]" started-at="2020-11-09T20:50:35 IST" name="Orangehrmslogin" data-provider="testdata" finished-at="2020-11-09T20:50:44 IST" duration-ms="9027" status="PASS">
          <params>
            <param index="0">
              <value>
                <![CDATA[Admin123]]>
              </value>
            </param>
            <param index="1">
              <value>
                <![CDATA[admin123]]>
              </value>
            </param>
          </params>
          <reporter-output>
            <line>
              <![CDATA[unable to login successfully into ornage hrms home page]]>
            </line>
          </reporter-output>
        </test-method> <!-- Orangehrmslogin -->
        <test-method signature="Orangehrmslogin(java.lang.String, java.lang.String)[pri:0, instance:maven.project.DataDriven_DataProviderTest@503d687a]" started-at="2020-11-09T20:50:44 IST" name="Orangehrmslogin" data-provider="testdata" finished-at="2020-11-09T20:51:02 IST" duration-ms="18675" status="PASS">
          <params>
            <param index="0">
              <value>
                <![CDATA[Admin]]>
              </value>
            </param>
            <param index="1">
              <value>
                <![CDATA[admin123]]>
              </value>
            </param>
          </params>
          <reporter-output>
            <line>
              <![CDATA[orange hrms login successfully into home page]]>
            </line>
          </reporter-output>
        </test-method> <!-- Orangehrmslogin -->
      </class> <!-- maven.project.DataDriven_DataProviderTest -->
    </test> <!-- Default test -->
  </suite> <!-- Default suite -->
</testng-results>
